<?xml version="1.0" encoding="UTF-8"?>
<testsuite name="HeroTest" tests="5" skipped="0" failures="0" errors="0" timestamp="2020-09-15T06:09:59" hostname="moringa-ThinkPad-X260" time="0.004">
  <properties/>
  <testcase name="addedHeroesTest" classname="HeroTest" time="0.001"/>
  <testcase name="methodTest" classname="HeroTest" time="0.0"/>
  <testcase name="instantiateClass" classname="HeroTest" time="0.0"/>
  <testcase name="checkValues" classname="HeroTest" time="0.0"/>
  <testcase name="testExistingHero" classname="HeroTest" time="0.001"/>
  <system-out><![CDATA[]]></system-out>
  <system-err><![CDATA[]]></system-err>
</testsuite>
